0 info it worked if it ends with ok
1 verbose cli [ '/usr/local/bin/node', '/usr/local/bin/npm', 'run', 'env:staging' ]
2 info using npm@6.14.5
3 info using node@v12.18.2
4 verbose run-script [ 'preenv:staging', 'env:staging', 'postenv:staging' ]
5 info lifecycle cala@0.0.1~preenv:staging: cala@0.0.1
6 info lifecycle cala@0.0.1~env:staging: cala@0.0.1
7 verbose lifecycle cala@0.0.1~env:staging: unsafe-perm in lifecycle true
8 verbose lifecycle cala@0.0.1~env:staging: PATH: /usr/local/lib/node_modules/npm/node_modules/npm-lifecycle/node-gyp-bin:/Volumes/saveBefore/_dev/EatCala/case-study/node_modules/.bin:/usr/local/lib/node_modules/npm/node_modules/npm-lifecycle/node-gyp-bin:/Volumes/saveBefore/_dev/EatCala/case-study/node_modules/.bin:/usr/bin:/bin:/usr/sbin:/sbin:/usr/local/bin:/Users/bool/PostgreSQL/pg95/bin/:/Users/bool/PostgreSQL/pg95/bin/:/usr/local/bin:/usr/bin:/bin:/usr/sbin:/sbin:/Library/Apple/usr/bin:/Users/bool/PostgreSQL/pg95/bin/:/usr/local/share/dotnet:/Users/bool/dev/flutter/bin/:/Volumes/saveBefore/Dev/flutter/bin/:/usr/local/share/dotnet:/usr/local/bin:/usr/bin:/bin:/usr/sbin:/sbin:/Library/Apple/usr/bin:/Users/bool/PostgreSQL/pg95/bin/:/usr/local/share/dotnet:/Users/bool/dev/flutter/bin/:/Volumes/saveBefore/Dev/flutter/bin/:/Users/bool/dev/flutter/bin/:/usr/local/bin:/usr/bin:/bin:/usr/sbin:/sbin:/Library/Apple/usr/bin:/Users/bool/PostgreSQL/pg95/bin/:/usr/local/share/dotnet:/Users/bool/dev/flutter/bin/:/Volumes/saveBefore/Dev/flutter/bin/:/usr/local/share/dotnet:/Users/bool/PostgreSQL/pg95/bin/:/usr/local/bin:/usr/bin:/bin:/usr/sbin:/sbin:/Library/Apple/usr/bin:/Users/bool/PostgreSQL/pg95/bin/:/usr/local/share/dotnet:/Users/bool/dev/flutter/bin/:/Volumes/saveBefore/Dev/flutter/bin/:/usr/local/share/dotnet:/usr/local/bin:/usr/bin:/bin:/usr/sbin:/sbin:/Library/Apple/usr/bin:/Users/bool/PostgreSQL/pg95/bin/:/usr/local/share/dotnet:/Users/bool/dev/flutter/bin/:/Volumes/saveBefore/Dev/flutter/bin/:/Users/bool/dev/flutter/bin/:/usr/local/bin:/usr/bin:/bin:/usr/sbin:/sbin:/Library/Apple/usr/bin:/Users/bool/PostgreSQL/pg95/bin/:/usr/local/share/dotnet:/Users/bool/dev/flutter/bin/:/Volumes/saveBefore/Dev/flutter/bin/:/Volumes/saveBefore/Dev/flutter/bin/:/Users/bool/PostgreSQL/pg95/bin/:/usr/local/bin:/usr/bin:/bin:/usr/sbin:/sbin:/Library/Apple/usr/bin:/Users/bool/PostgreSQL/pg95/bin/:/usr/local/share/dotnet:/Users/bool/dev/flutter/bin/:/Volumes/saveBefore/Dev/flutter/bin/:/usr/local/share/dotnet:/usr/local/bin:/usr/bin:/bin:/usr/sbin:/sbin:/Library/Apple/usr/bin:/Users/bool/PostgreSQL/pg95/bin/:/usr/local/share/dotnet:/Users/bool/dev/flutter/bin/:/Volumes/saveBefore/Dev/flutter/bin/:/Users/bool/dev/flutter/bin/:/usr/local/bin:/usr/bin:/bin:/usr/sbin:/sbin:/Library/Apple/usr/bin:/Users/bool/PostgreSQL/pg95/bin/:/usr/local/share/dotnet:/Users/bool/dev/flutter/bin/:/Volumes/saveBefore/Dev/flutter/bin/:/Users/bool/Library/Android/sdk/emulator:/Users/bool/Library/Android/sdk/tools:/Users/bool/Library/Android/sdk/tools/bin:/Users/bool/Library/Android/sdk/platform-tools:/opt/gradle/gradle-6.1.1/bin
9 verbose lifecycle cala@0.0.1~env:staging: CWD: /Volumes/saveBefore/_dev/EatCala/case-study
10 silly lifecycle cala@0.0.1~env:staging: Args: [ '-c', 'node scripts/set-environment.js staging' ]
11 silly lifecycle cala@0.0.1~env:staging: Returned: code: 1  signal: null
12 info lifecycle cala@0.0.1~env:staging: Failed to exec env:staging script
13 verbose stack Error: cala@0.0.1 env:staging: `node scripts/set-environment.js staging`
13 verbose stack Exit status 1
13 verbose stack     at EventEmitter.<anonymous> (/usr/local/lib/node_modules/npm/node_modules/npm-lifecycle/index.js:332:16)
13 verbose stack     at EventEmitter.emit (events.js:315:20)
13 verbose stack     at ChildProcess.<anonymous> (/usr/local/lib/node_modules/npm/node_modules/npm-lifecycle/lib/spawn.js:55:14)
13 verbose stack     at ChildProcess.emit (events.js:315:20)
13 verbose stack     at maybeClose (internal/child_process.js:1021:16)
13 verbose stack     at Process.ChildProcess._handle.onexit (internal/child_process.js:286:5)
14 verbose pkgid cala@0.0.1
15 verbose cwd /Volumes/saveBefore/_dev/EatCala/case-study
16 verbose Darwin 20.3.0
17 verbose argv "/usr/local/bin/node" "/usr/local/bin/npm" "run" "env:staging"
18 verbose node v12.18.2
19 verbose npm  v6.14.5
20 error code ELIFECYCLE
21 error errno 1
22 error cala@0.0.1 env:staging: `node scripts/set-environment.js staging`
22 error Exit status 1
23 error Failed at the cala@0.0.1 env:staging script.
23 error This is probably not a problem with npm. There is likely additional logging output above.
24 verbose exit [ 1, true ]
